<?xml version="1.0" encoding="UTF-8"?>
<!-- Generated by org.testng.reporters.JUnitReportReporter -->
<testsuite hostname="GVC1AC54" failures="0" tests="1" name="com.banking.project.testCases.TC_LoginTest_001" time="9.170" errors="0" timestamp="2025-03-11T12:46:30 IST" skipped="0">
  <testcase classname="com.banking.project.testCases.TC_LoginTest_001" name="loginTest" time="9.170"/>
  <system-out/>
</testsuite> <!-- com.banking.project.testCases.TC_LoginTest_001 -->
