<?xml version="1.0" encoding="UTF-8"?>
<!-- Generated by org.testng.reporters.JUnitReportReporter -->
<testsuite hostname="DESKTOP-9P6GAV7" failures="0" tests="1" name="com.banking.project.testCases.TC_LoginTest_001" time="8.147" errors="0" timestamp="2025-02-26T17:20:28 IST" skipped="0">
  <testcase classname="com.banking.project.testCases.TC_LoginTest_001" name="loginTest" time="8.147"/>
  <system-out/>
</testsuite> <!-- com.banking.project.testCases.TC_LoginTest_001 -->
