<?xml version="1.0" encoding="UTF-8"?>
<!-- Generated by org.testng.reporters.JUnitReportReporter -->
<testsuite hostname="GVC1AC54" failures="0" tests="1" name="com.banking.project.testCases.TC_Registration_002" time="33.904" errors="0" timestamp="2025-03-11T17:37:01 IST" skipped="0">
  <testcase classname="com.banking.project.testCases.TC_Registration_002" name="registration" time="33.904"/>
  <system-out/>
</testsuite> <!-- com.banking.project.testCases.TC_Registration_002 -->
